[0.207s] Invoking command in '/home/eia/repo/rbi_2025_2/scara/scara_ws/build/scara_mujoco_sim': CMAKE_PREFIX_PATH=${CMAKE_PREFIX_PATH}:/home/eia/repo/rbi_2025_2/scara/scara_ws/install/scara_mujoco:/opt/ros/humble /usr/bin/cmake --build /home/eia/repo/rbi_2025_2/scara/scara_ws/build/scara_mujoco_sim -- -j12 -l12
[0.241s] [35m[1mConsolidate compiler generated dependencies of target scara_mujoco_sim[0m
[0.258s] [ 50%] [32mBuilding CXX object CMakeFiles/scara_mujoco_sim.dir/src/mujoco_sim_interface.cpp.o[0m
[2.747s] In file included from [01m[K/home/eia/repo/rbi_2025_2/scara/scara_ws/src/scara_mujoco_sim/src/mujoco_sim_interface.cpp:1[m[K:
[2.747s] [01m[K/home/eia/repo/rbi_2025_2/scara/scara_ws/src/scara_mujoco_sim/include/scara_mujoco_sim/mujoco_sim_interface.hpp:41:27:[m[K [01;31m[Kerror: [m[Kexpected class-name before â€˜[01m[K([m[Kâ€™ token
[2.747s]    41 |     ~RovSimulatorInterface[01;31m[K([m[K);
[2.747s]       |                           [01;31m[K^[m[K
[2.771s] [01m[K/home/eia/repo/rbi_2025_2/scara/scara_ws/src/scara_mujoco_sim/src/mujoco_sim_interface.cpp:219:51:[m[K [01;31m[Kerror: [m[Kdefinition of implicitly-declared â€˜[01m[Kvirtual rov_simulator_layer::ScaraSimulatorInterface::~ScaraSimulatorInterface()[m[Kâ€™
[2.771s]   219 | ScaraSimulatorInterface::~ScaraSimulatorInterface([01;31m[K)[m[K{
[2.771s]       |                                                   [01;31m[K^[m[K
[2.800s] In file included from [01m[K/opt/ros/humble/include/class_loader/class_loader/class_loader.hpp:56[m[K,
[2.800s]                  from [01m[K/opt/ros/humble/include/pluginlib/pluginlib/class_list_macros.hpp:40[m[K,
[2.800s]                  from [01m[K/home/eia/repo/rbi_2025_2/scara/scara_ws/src/scara_mujoco_sim/src/mujoco_sim_interface.cpp:236[m[K:
[2.800s] [01m[K/home/eia/repo/rbi_2025_2/scara/scara_ws/src/scara_mujoco_sim/src/mujoco_sim_interface.cpp:238:24:[m[K [01;31m[Kerror: [m[Kâ€˜[01m[Kscara_simulator_layer[m[Kâ€™ does not name a type
[2.800s]   238 | PLUGINLIB_EXPORT_CLASS([01;31m[Kscara_simulator_layer[m[K::ScaraSimulatorInterface,hardware_interface::SystemInterface)
[2.800s]       |                        [01;31m[K^~~~~~~~~~~~~~~~~~~~~[m[K
[2.812s] [01m[K/home/eia/repo/rbi_2025_2/scara/scara_ws/src/scara_mujoco_sim/src/mujoco_sim_interface.cpp:[m[K In constructor â€˜[01m[K{anonymous}::ProxyExec0::ProxyExec0()[m[Kâ€™:
[2.812s] [01m[K/home/eia/repo/rbi_2025_2/scara/scara_ws/src/scara_mujoco_sim/src/mujoco_sim_interface.cpp:238:1:[m[K [01;31m[Kerror: [m[Kâ€˜[01m[K_derived[m[Kâ€™ was not declared in this scope
[2.812s]   238 | [01;31m[KPLUGINLIB_EXPORT_CLASS[m[K(scara_simulator_layer::ScaraSimulatorInterface,hardware_interface::SystemInterface)
[2.812s]       | [01;31m[K^~~~~~~~~~~~~~~~~~~~~~[m[K
[2.813s] [01m[K/home/eia/repo/rbi_2025_2/scara/scara_ws/src/scara_mujoco_sim/src/mujoco_sim_interface.cpp:238:1:[m[K [01;31m[Kerror: [m[Kno matching function for call to â€˜[01m[KregisterPlugin<<expression error>, {anonymous}::ProxyExec0::_base>(const char [47], const char [36])[m[Kâ€™
[2.813s]   238 | [01;31m[KPLUGINLIB_EXPORT_CLASS[m[K(scara_simulator_layer::ScaraSimulatorInterface,hardware_interface::SystemInterface)
[2.813s]       | [01;31m[K^~~~~~~~~~~~~~~~~~~~~~[m[K
[2.813s] In file included from [01m[K/opt/ros/humble/include/class_loader/class_loader/class_loader.hpp:55[m[K,
[2.813s]                  from [01m[K/opt/ros/humble/include/pluginlib/pluginlib/class_list_macros.hpp:40[m[K,
[2.813s]                  from [01m[K/home/eia/repo/rbi_2025_2/scara/scara_ws/src/scara_mujoco_sim/src/mujoco_sim_interface.cpp:236[m[K:
[2.813s] [01m[K/opt/ros/humble/include/class_loader/class_loader/class_loader_core.hpp:210:6:[m[K [01;36m[Knote: [m[Kcandidate: â€˜[01m[Ktemplate<class Derived, class Base> void class_loader::impl::registerPlugin(const string&, const string&)[m[Kâ€™
[2.813s]   210 | void [01;36m[KregisterPlugin[m[K(const std::string & class_name, const std::string & base_class_name)
[2.813s]       |      [01;36m[K^~~~~~~~~~~~~~[m[K
[2.813s] [01m[K/opt/ros/humble/include/class_loader/class_loader/class_loader_core.hpp:210:6:[m[K [01;36m[Knote: [m[K  template argument deduction/substitution failed:
[2.813s] In file included from [01m[K/opt/ros/humble/include/class_loader/class_loader/class_loader.hpp:56[m[K,
[2.813s]                  from [01m[K/opt/ros/humble/include/pluginlib/pluginlib/class_list_macros.hpp:40[m[K,
[2.813s]                  from [01m[K/home/eia/repo/rbi_2025_2/scara/scara_ws/src/scara_mujoco_sim/src/mujoco_sim_interface.cpp:236[m[K:
[2.813s] [01m[K/home/eia/repo/rbi_2025_2/scara/scara_ws/src/scara_mujoco_sim/src/mujoco_sim_interface.cpp:238:1:[m[K [01;31m[Kerror: [m[Ktemplate argument 1 is invalid
[2.813s]   238 | [01;31m[KPLUGINLIB_EXPORT_CLASS[m[K(scara_simulator_layer::ScaraSimulatorInterface,hardware_interface::SystemInterface)
[2.813s]       | [01;31m[K^~~~~~~~~~~~~~~~~~~~~~[m[K
[3.549s] gmake[2]: *** [CMakeFiles/scara_mujoco_sim.dir/build.make:76: CMakeFiles/scara_mujoco_sim.dir/src/mujoco_sim_interface.cpp.o] Error 1
[3.549s] gmake[1]: *** [CMakeFiles/Makefile2:137: CMakeFiles/scara_mujoco_sim.dir/all] Error 2
[3.549s] gmake: *** [Makefile:146: all] Error 2
[3.551s] Invoked command in '/home/eia/repo/rbi_2025_2/scara/scara_ws/build/scara_mujoco_sim' returned '2': CMAKE_PREFIX_PATH=${CMAKE_PREFIX_PATH}:/home/eia/repo/rbi_2025_2/scara/scara_ws/install/scara_mujoco:/opt/ros/humble /usr/bin/cmake --build /home/eia/repo/rbi_2025_2/scara/scara_ws/build/scara_mujoco_sim -- -j12 -l12
