In file included from [01m[K/home/eia/repo/rbi_2025_2/scara/scara_ws/src/scara_mujoco_sim/src/mujoco_sim_interface.cpp:1[m[K:
[01m[K/home/eia/repo/rbi_2025_2/scara/scara_ws/src/scara_mujoco_sim/include/scara_mujoco_sim/mujoco_sim_interface.hpp:41:27:[m[K [01;31m[Kerror: [m[Kexpected class-name before â€˜[01m[K([m[Kâ€™ token
   41 |     ~RovSimulatorInterface[01;31m[K([m[K);
      |                           [01;31m[K^[m[K
[01m[K/home/eia/repo/rbi_2025_2/scara/scara_ws/src/scara_mujoco_sim/src/mujoco_sim_interface.cpp:219:51:[m[K [01;31m[Kerror: [m[Kdefinition of implicitly-declared â€˜[01m[Kvirtual scara_simulator_layer::ScaraSimulatorInterface::~ScaraSimulatorInterface()[m[Kâ€™
  219 | ScaraSimulatorInterface::~ScaraSimulatorInterface([01;31m[K)[m[K{
      |                                                   [01;31m[K^[m[K
gmake[2]: *** [CMakeFiles/scara_mujoco_sim.dir/build.make:76: CMakeFiles/scara_mujoco_sim.dir/src/mujoco_sim_interface.cpp.o] Error 1
gmake[1]: *** [CMakeFiles/Makefile2:137: CMakeFiles/scara_mujoco_sim.dir/all] Error 2
gmake: *** [Makefile:146: all] Error 2
