[01m[K/home/eia/repo/rbi_2025_2/rov_ws/src/rov_sim/src/mujoco_interface.cpp:[m[K In member function â€˜[01m[Kvoid RovSimulator::sim_thread()[m[Kâ€™:
[01m[K/home/eia/repo/rbi_2025_2/rov_ws/src/rov_sim/src/mujoco_interface.cpp:97:33:[m[K [01;31m[Kerror: [m[Kâ€˜[01m[KmjVISFLAG_GEOM[m[Kâ€™ was not declared in this scope
   97 |             this->sim_opt.flags[[01;31m[KmjVISFLAG_GEOM[m[K] = true;
      |                                 [01;31m[K^~~~~~~~~~~~~~[m[K
[01m[K/home/eia/repo/rbi_2025_2/rov_ws/src/rov_sim/src/mujoco_interface.cpp:98:33:[m[K [01;31m[Kerror: [m[Kâ€˜[01m[KmjVISFLAG_SHADOW[m[Kâ€™ was not declared in this scope; did you mean â€˜[01m[KmjFONT_SHADOW[m[Kâ€™?
   98 |             this->sim_opt.flags[[01;31m[KmjVISFLAG_SHADOW[m[K] = true;
      |                                 [01;31m[K^~~~~~~~~~~~~~~~[m[K
      |                                 [32m[KmjFONT_SHADOW[m[K
gmake[2]: *** [CMakeFiles/rov_mujoco_sim.dir/build.make:76: CMakeFiles/rov_mujoco_sim.dir/src/mujoco_interface.cpp.o] Error 1
gmake[1]: *** [CMakeFiles/Makefile2:137: CMakeFiles/rov_mujoco_sim.dir/all] Error 2
gmake: *** [Makefile:146: all] Error 2
