[0.191s] Invoking command in '/home/eia/repo/rbi_2025_2/scara/scara_ws/build/scara_mujoco_sim': CMAKE_PREFIX_PATH=${CMAKE_PREFIX_PATH}:/home/eia/repo/rbi_2025_2/scara/scara_ws/install/scara_mujoco:/opt/ros/humble /usr/bin/cmake --build /home/eia/repo/rbi_2025_2/scara/scara_ws/build/scara_mujoco_sim -- -j12 -l12
[0.232s] [ 50%] [32mBuilding CXX object CMakeFiles/scara_mujoco_sim.dir/src/mujoco_sim_interface.cpp.o[0m
[2.669s] In file included from [01m[K/opt/ros/humble/include/class_loader/class_loader/class_loader.hpp:56[m[K,
[2.669s]                  from [01m[K/opt/ros/humble/include/pluginlib/pluginlib/class_list_macros.hpp:40[m[K,
[2.669s]                  from [01m[K/home/eia/repo/rbi_2025_2/scara/scara_ws/src/scara_mujoco_sim/src/mujoco_sim_interface.cpp:236[m[K:
[2.669s] [01m[K/home/eia/repo/rbi_2025_2/scara/scara_ws/src/scara_mujoco_sim/src/mujoco_sim_interface.cpp:238:24:[m[K [01;31m[Kerror: [m[Kâ€˜[01m[Kscara_simulator_layer[m[Kâ€™ does not name a type
[2.669s]   238 | PLUGINLIB_EXPORT_CLASS([01;31m[Kscara_simulator_layer[m[K::RovSimulatorInterface,hardware_interface::SystemInterface)
[2.669s]       |                        [01;31m[K^~~~~~~~~~~~~~~~~~~~~[m[K
[2.680s] [01m[K/home/eia/repo/rbi_2025_2/scara/scara_ws/src/scara_mujoco_sim/src/mujoco_sim_interface.cpp:[m[K In constructor â€˜[01m[K{anonymous}::ProxyExec0::ProxyExec0()[m[Kâ€™:
[2.680s] [01m[K/home/eia/repo/rbi_2025_2/scara/scara_ws/src/scara_mujoco_sim/src/mujoco_sim_interface.cpp:238:1:[m[K [01;31m[Kerror: [m[Kâ€˜[01m[K_derived[m[Kâ€™ was not declared in this scope
[2.680s]   238 | [01;31m[KPLUGINLIB_EXPORT_CLASS[m[K(scara_simulator_layer::RovSimulatorInterface,hardware_interface::SystemInterface)
[2.680s]       | [01;31m[K^~~~~~~~~~~~~~~~~~~~~~[m[K
[2.680s] [01m[K/home/eia/repo/rbi_2025_2/scara/scara_ws/src/scara_mujoco_sim/src/mujoco_sim_interface.cpp:238:1:[m[K [01;31m[Kerror: [m[Kno matching function for call to â€˜[01m[KregisterPlugin<<expression error>, {anonymous}::ProxyExec0::_base>(const char [45], const char [36])[m[Kâ€™
[2.680s]   238 | [01;31m[KPLUGINLIB_EXPORT_CLASS[m[K(scara_simulator_layer::RovSimulatorInterface,hardware_interface::SystemInterface)
[2.680s]       | [01;31m[K^~~~~~~~~~~~~~~~~~~~~~[m[K
[2.680s] In file included from [01m[K/opt/ros/humble/include/class_loader/class_loader/class_loader.hpp:55[m[K,
[2.680s]                  from [01m[K/opt/ros/humble/include/pluginlib/pluginlib/class_list_macros.hpp:40[m[K,
[2.680s]                  from [01m[K/home/eia/repo/rbi_2025_2/scara/scara_ws/src/scara_mujoco_sim/src/mujoco_sim_interface.cpp:236[m[K:
[2.680s] [01m[K/opt/ros/humble/include/class_loader/class_loader/class_loader_core.hpp:210:6:[m[K [01;36m[Knote: [m[Kcandidate: â€˜[01m[Ktemplate<class Derived, class Base> void class_loader::impl::registerPlugin(const string&, const string&)[m[Kâ€™
[2.680s]   210 | void [01;36m[KregisterPlugin[m[K(const std::string & class_name, const std::string & base_class_name)
[2.681s]       |      [01;36m[K^~~~~~~~~~~~~~[m[K
[2.681s] [01m[K/opt/ros/humble/include/class_loader/class_loader/class_loader_core.hpp:210:6:[m[K [01;36m[Knote: [m[K  template argument deduction/substitution failed:
[2.681s] In file included from [01m[K/opt/ros/humble/include/class_loader/class_loader/class_loader.hpp:56[m[K,
[2.681s]                  from [01m[K/opt/ros/humble/include/pluginlib/pluginlib/class_list_macros.hpp:40[m[K,
[2.681s]                  from [01m[K/home/eia/repo/rbi_2025_2/scara/scara_ws/src/scara_mujoco_sim/src/mujoco_sim_interface.cpp:236[m[K:
[2.681s] [01m[K/home/eia/repo/rbi_2025_2/scara/scara_ws/src/scara_mujoco_sim/src/mujoco_sim_interface.cpp:238:1:[m[K [01;31m[Kerror: [m[Ktemplate argument 1 is invalid
[2.681s]   238 | [01;31m[KPLUGINLIB_EXPORT_CLASS[m[K(scara_simulator_layer::RovSimulatorInterface,hardware_interface::SystemInterface)
[2.681s]       | [01;31m[K^~~~~~~~~~~~~~~~~~~~~~[m[K
[3.396s] gmake[2]: *** [CMakeFiles/scara_mujoco_sim.dir/build.make:76: CMakeFiles/scara_mujoco_sim.dir/src/mujoco_sim_interface.cpp.o] Error 1
[3.396s] gmake[1]: *** [CMakeFiles/Makefile2:137: CMakeFiles/scara_mujoco_sim.dir/all] Error 2
[3.397s] gmake: *** [Makefile:146: all] Error 2
[3.398s] Invoked command in '/home/eia/repo/rbi_2025_2/scara/scara_ws/build/scara_mujoco_sim' returned '2': CMAKE_PREFIX_PATH=${CMAKE_PREFIX_PATH}:/home/eia/repo/rbi_2025_2/scara/scara_ws/install/scara_mujoco:/opt/ros/humble /usr/bin/cmake --build /home/eia/repo/rbi_2025_2/scara/scara_ws/build/scara_mujoco_sim -- -j12 -l12
